npm verbose cli C:\Program Files\nodejs\node.exe C:\Users\milen\AppData\Roaming\npm\node_modules\npm\bin\npm-cli.js
npm info using npm@10.9.0
npm info using node@v20.12.1
npm verbose title npm install
npm verbose argv "install" "--legacy-peer-deps" "--loglevel" "verbose"
npm verbose logfile logs-max:10 dir:C:\Users\milen\AppData\Local\npm-cache\_logs\2025-04-26T17_40_44_427Z-
npm verbose logfile C:\Users\milen\AppData\Local\npm-cache\_logs\2025-04-26T17_40_44_427Z-debug-0.log
npm http fetch GET 200 https://registry.npmjs.org/cypress-mochawesome-reporter 241ms (cache updated)
npm http fetch GET 200 https://registry.npmjs.org/import 737ms (cache updated)
npm http fetch GET 200 https://registry.npmjs.org/browserstack-cypress-cli 649ms (cache updated)
npm http fetch GET 200 https://registry.npmjs.org/cypress 84ms (cache updated)
npm http fetch GET 200 https://registry.npmjs.org/archiver 101ms (cache updated)
npm http fetch GET 200 https://registry.npmjs.org/axios 158ms (cache updated)
npm http fetch GET 200 https://registry.npmjs.org/form-data 173ms (cache updated)
npm http fetch GET 200 https://registry.npmjs.org/async 182ms (cache updated)
npm http fetch GET 200 https://registry.npmjs.org/fs-extra 187ms (cache updated)
npm http fetch GET 200 https://registry.npmjs.org/axios-retry 201ms (cache updated)
npm http fetch GET 200 https://registry.npmjs.org/chalk 208ms (cache updated)
npm http fetch GET 200 https://registry.npmjs.org/gitconfiglocal 71ms (cache updated)
npm http fetch GET 200 https://registry.npmjs.org/glob 74ms (cache updated)
npm http fetch GET 200 https://registry.npmjs.org/mkdirp 83ms (cache updated)
npm http fetch GET 200 https://registry.npmjs.org/node-ipc 77ms (cache updated)
npm http fetch GET 200 https://registry.npmjs.org/update-notifier 65ms (cache updated)
npm http fetch GET 200 https://registry.npmjs.org/cli-progress 321ms (cache updated)
npm http fetch GET 200 https://registry.npmjs.org/uuid 79ms (cache updated)
npm http fetch GET 200 https://registry.npmjs.org/table 132ms (cache updated)
npm http fetch GET 200 https://registry.npmjs.org/tmp 54ms (cache updated)
npm http fetch GET 200 https://registry.npmjs.org/yargs 104ms (cache updated)
npm http fetch GET 200 https://registry.npmjs.org/decompress 110ms (cache updated)
npm http fetch GET 200 https://registry.npmjs.org/chalk 20ms (cache hit)
npm http fetch GET 200 https://registry.npmjs.org/arch 68ms (cache updated)
npm http fetch GET 200 https://registry.npmjs.org/mocha 292ms (cache updated)
npm http fetch GET 200 https://registry.npmjs.org/debug 105ms (cache updated)
npm http fetch GET 200 https://registry.npmjs.org/dayjs 120ms (cache updated)
npm http fetch GET 200 https://registry.npmjs.org/execa 106ms (cache updated)
npm http fetch GET 200 https://registry.npmjs.org/getos 71ms (cache updated)
npm http fetch GET 200 https://registry.npmjs.org/yauzl 70ms (cache updated)
npm http fetch GET 200 https://registry.npmjs.org/buffer 78ms (cache updated)
npm http fetch GET 200 https://registry.npmjs.org/listr2 68ms (cache updated)
npm http fetch GET 200 https://registry.npmjs.org/lodash 89ms (cache updated)
npm http fetch GET 200 https://registry.npmjs.org/semver 60ms (cache updated)
npm http fetch GET 200 https://registry.npmjs.org/git-last-commit 713ms (cache updated)
npm http fetch GET 200 https://registry.npmjs.org/ci-info 68ms (cache updated)
npm http fetch GET 200 https://registry.npmjs.org/ospath 108ms (cache updated)
npm http fetch GET 200 https://registry.npmjs.org/figures 72ms (cache updated)
npm http fetch GET 200 https://registry.npmjs.org/browserstack-local 763ms (cache updated)
npm http fetch GET 200 https://registry.npmjs.org/git-repo-info 672ms (cache updated)
npm http fetch GET 200 https://registry.npmjs.org/fs-extra 18ms (cache hit)
npm http fetch GET 200 https://registry.npmjs.org/process 92ms (cache updated)
npm http fetch GET 200 https://registry.npmjs.org/cachedir 80ms (cache updated)
npm http fetch GET 200 https://registry.npmjs.org/enquirer 86ms (cache updated)
npm http fetch GET 200 https://registry.npmjs.org/bluebird 116ms (cache updated)
npm http fetch GET 200 https://registry.npmjs.org/getmac 840ms (cache updated)
npm http fetch GET 200 https://registry.npmjs.org/lazy-ass 103ms (cache updated)
npm http fetch GET 200 https://registry.npmjs.org/minimist 101ms (cache updated)
npm http fetch GET 200 https://registry.npmjs.org/commander 88ms (cache updated)
npm http fetch GET 200 https://registry.npmjs.org/blob-util 128ms (cache updated)
npm http fetch GET 200 https://registry.npmjs.org/tree-kill 101ms (cache updated)
npm http fetch GET 200 https://registry.npmjs.org/untildify 102ms (cache updated)
npm http fetch GET 200 https://registry.npmjs.org/windows-release 656ms (cache updated)
npm http fetch GET 200 https://registry.npmjs.org/cli-table3 82ms (cache updated)
npm http fetch GET 200 https://registry.npmjs.org/cli-cursor 113ms (cache updated)
npm http fetch GET 200 https://registry.npmjs.org/executable 89ms (cache updated)
npm http fetch GET 200 https://registry.npmjs.org/common-tags 94ms (cache updated)
npm http fetch GET 200 https://registry.npmjs.org/pretty-bytes 78ms (cache updated)
npm http fetch GET 200 https://registry.npmjs.org/log-symbols 88ms (cache updated)
npm http fetch GET 200 https://registry.npmjs.org/unzipper 671ms (cache updated)
npm http fetch GET 200 https://registry.npmjs.org/winston 736ms (cache updated)
npm http fetch GET 200 https://registry.npmjs.org/@types%2fsizzle 90ms (cache updated)
npm http fetch GET 200 https://registry.npmjs.org/eventemitter2 89ms (cache updated)
npm http fetch GET 200 https://registry.npmjs.org/proxy-from-env 81ms (cache updated)
npm http fetch GET 200 https://registry.npmjs.org/supports-color 86ms (cache updated)
npm http fetch GET 200 https://registry.npmjs.org/commander 25ms (cache hit)
npm http fetch GET 200 https://registry.npmjs.org/is-installed-globally 86ms (cache updated)
npm http fetch GET 200 https://registry.npmjs.org/mochawesome-merge 75ms (cache updated)
npm http fetch GET 200 https://registry.npmjs.org/optimist 68ms (cache updated)
npm http fetch GET 200 https://registry.npmjs.org/@types%2fsinonjs__fake-timers 121ms (cache updated)
npm http fetch GET 200 https://registry.npmjs.org/extract-zip 671ms (cache updated)
npm http fetch GET 200 https://registry.npmjs.org/request-progress 678ms (cache updated)
npm http fetch GET 200 https://registry.npmjs.org/check-more-types 706ms (cache updated)
npm http fetch GET 200 https://registry.npmjs.org/mochawesome 689ms (cache updated)
npm http fetch GET 200 https://registry.npmjs.org/mochawesome-report-generator 725ms (cache updated)
npm http fetch GET 200 https://registry.npmjs.org/@cypress%2fxvfb 1532ms (cache updated)
npm http fetch GET 200 https://registry.npmjs.org/@cypress%2frequest 1508ms (cache updated)
npm http fetch GET 200 https://registry.npmjs.org/proxy-from-env 33ms (cache hit)
npm http fetch GET 200 https://registry.npmjs.org/async 39ms (cache hit)
npm http fetch GET 200 https://registry.npmjs.org/buffer-crc32 66ms (cache updated)
npm http fetch GET 200 https://registry.npmjs.org/readable-stream 90ms (cache updated)
npm http fetch GET 200 https://registry.npmjs.org/readdir-glob 94ms (cache updated)
npm http fetch GET 200 https://registry.npmjs.org/is-retry-allowed 107ms (cache updated)
npm http fetch GET 200 https://registry.npmjs.org/follow-redirects 114ms (cache updated)
npm http fetch GET 200 https://registry.npmjs.org/ps-tree 86ms (cache updated)
npm http fetch GET 200 https://registry.npmjs.org/zip-stream 127ms (cache updated)
npm http fetch GET 200 https://registry.npmjs.org/archiver-utils 136ms (cache updated)
npm http fetch GET 200 https://registry.npmjs.org/supports-color 23ms (cache hit)
npm http fetch GET 200 https://registry.npmjs.org/agent-base 79ms (cache updated)
npm http fetch GET 200 https://registry.npmjs.org/https-proxy-agent 78ms (cache updated)
npm http fetch GET 200 https://registry.npmjs.org/ansi-styles 74ms (cache updated)
npm http fetch GET 200 https://registry.npmjs.org/string-width 89ms (cache updated)
npm http fetch GET 200 https://registry.npmjs.org/decompress-targz 72ms (cache updated)
npm http fetch GET 200 https://registry.npmjs.org/decompress-tar 87ms (cache updated)
npm http fetch GET 200 https://registry.npmjs.org/decompress-tarbz2 85ms (cache updated)
npm http fetch GET 200 https://registry.npmjs.org/decompress-unzip 78ms (cache updated)
npm http fetch GET 200 https://registry.npmjs.org/@babel%2fruntime 251ms (cache updated)
npm http fetch GET 200 https://registry.npmjs.org/graceful-fs 103ms (cache updated)
npm http fetch GET 200 https://registry.npmjs.org/make-dir 109ms (cache updated)
npm http fetch GET 200 https://registry.npmjs.org/asynckit 88ms (cache updated)
npm http fetch GET 200 https://registry.npmjs.org/strip-dirs 91ms (cache updated)
npm http fetch GET 200 https://registry.npmjs.org/pify 96ms (cache updated)
npm http fetch GET 200 https://registry.npmjs.org/es-set-tostringtag 86ms (cache updated)
npm http fetch GET 200 https://registry.npmjs.org/combined-stream 97ms (cache updated)
npm http fetch GET 200 https://registry.npmjs.org/graceful-fs 28ms (cache hit)
npm http fetch GET 200 https://registry.npmjs.org/tar-stream 352ms (cache updated)
npm http fetch GET 200 https://registry.npmjs.org/jsonfile 82ms (cache updated)
npm http fetch GET 200 https://registry.npmjs.org/mime-types 90ms (cache updated)
npm http fetch GET 200 https://registry.npmjs.org/once 75ms (cache updated)
npm http fetch GET 200 https://registry.npmjs.org/inflight 72ms (cache updated)
npm http fetch GET 200 https://registry.npmjs.org/ini 85ms (cache updated)
npm http fetch GET 200 https://registry.npmjs.org/inherits 72ms (cache updated)
npm http fetch GET 200 https://registry.npmjs.org/universalify 106ms (cache updated)
npm http fetch GET 200 https://registry.npmjs.org/glob 27ms (cache hit)
npm http fetch GET 200 https://registry.npmjs.org/fs.realpath 73ms (cache updated)
npm http fetch GET 200 https://registry.npmjs.org/path-is-absolute 72ms (cache updated)
npm http fetch GET 200 https://registry.npmjs.org/debug 32ms (cache hit)
npm http fetch GET 200 https://registry.npmjs.org/yargs 28ms (cache hit)
npm http fetch GET 200 https://registry.npmjs.org/minimatch 138ms (cache updated)
npm http fetch GET 200 https://registry.npmjs.org/he 109ms (cache updated)
npm http fetch GET 200 https://registry.npmjs.org/ms 132ms (cache updated)
npm http fetch GET 200 https://registry.npmjs.org/diff 134ms (cache updated)
npm http fetch GET 200 https://registry.npmjs.org/minimatch 66ms (cache hit)
npm http fetch GET 200 https://registry.npmjs.org/find-up 116ms (cache updated)
npm http fetch GET 200 https://registry.npmjs.org/log-symbols 33ms (cache hit)
npm http fetch GET 200 https://registry.npmjs.org/chokidar 115ms (cache updated)
npm http fetch GET 200 https://registry.npmjs.org/js-yaml 132ms (cache updated)
npm http fetch GET 200 https://registry.npmjs.org/workerpool 103ms (cache updated)
npm http fetch GET 200 https://registry.npmjs.org/yargs-parser 76ms (cache updated)
npm http fetch GET 200 https://registry.npmjs.org/ansi-colors 115ms (cache updated)
npm http fetch GET 200 https://registry.npmjs.org/yargs-unparser 83ms (cache updated)
npm http fetch GET 200 https://registry.npmjs.org/strip-json-comments 81ms (cache updated)
npm http fetch GET 200 https://registry.npmjs.org/serialize-javascript 71ms (cache updated)
npm http fetch GET 200 https://registry.npmjs.org/lodash 16ms (cache hit)
npm http fetch GET 200 https://registry.npmjs.org/browser-stdout 136ms (cache updated)
npm http fetch GET 200 https://registry.npmjs.org/js-queue 80ms (cache updated)
npm http fetch GET 200 https://registry.npmjs.org/escape-string-regexp 120ms (cache updated)
npm http fetch GET 200 https://registry.npmjs.org/js-message 78ms (cache updated)
npm http fetch GET 200 https://registry.npmjs.org/string-width 36ms (cache hit)
npm http fetch GET 200 https://registry.npmjs.org/temp-fs 678ms (cache updated)
npm http fetch GET 200 https://registry.npmjs.org/bluebird 39ms (cache hit)
npm http fetch GET 200 https://registry.npmjs.org/event-pubsub 108ms (cache updated)
npm http fetch GET 200 https://registry.npmjs.org/semver 27ms (cache hit)
npm http fetch GET 200 https://registry.npmjs.org/ajv 123ms (cache updated)
npm http fetch GET 200 https://registry.npmjs.org/pupa 87ms (cache updated)
npm http fetch GET 200 https://registry.npmjs.org/slice-ansi 128ms (cache updated)
npm http fetch GET 200 https://registry.npmjs.org/node-int64 93ms (cache updated)
npm http fetch GET 200 https://registry.npmjs.org/is-running 707ms (cache updated)
npm http fetch GET 200 https://registry.npmjs.org/duplexer2 121ms (cache updated)
npm http fetch GET 200 https://registry.npmjs.org/boxen 112ms (cache updated)
npm http fetch GET 200 https://registry.npmjs.org/is-npm 93ms (cache updated)
npm http fetch GET 200 https://registry.npmjs.org/is-in-ci 96ms (cache updated)
npm http fetch GET 200 https://registry.npmjs.org/is-installed-globally 28ms (cache hit)
npm http fetch GET 200 https://registry.npmjs.org/execa 24ms (cache hit)
npm http fetch GET 200 https://registry.npmjs.org/configstore 85ms (cache updated)
npm http fetch GET 200 https://registry.npmjs.org/semver-diff 85ms (cache updated)
npm http fetch GET 200 https://registry.npmjs.org/import-lazy 92ms (cache updated)
npm http fetch GET 200 https://registry.npmjs.org/xdg-basedir 88ms (cache updated)
npm http fetch GET 200 https://registry.npmjs.org/latest-version 90ms (cache updated)
npm http fetch GET 200 https://registry.npmjs.org/cycle 67ms (cache updated)
npm http fetch GET 200 https://registry.npmjs.org/find-up 21ms (cache hit)
npm http fetch GET 200 https://registry.npmjs.org/eyes 78ms (cache updated)
npm http fetch GET 200 https://registry.npmjs.org/stack-trace 75ms (cache updated)
npm http fetch GET 200 https://registry.npmjs.org/yargs-parser 21ms (cache hit)
npm http fetch GET 200 https://registry.npmjs.org/isstream 91ms (cache updated)
npm http fetch GET 200 https://registry.npmjs.org/colors 96ms (cache updated)
npm http fetch GET 200 https://registry.npmjs.org/y18n 84ms (cache updated)
npm http fetch GET 200 https://registry.npmjs.org/cliui 68ms (cache updated)
npm http fetch GET 200 https://registry.npmjs.org/set-blocking 66ms (cache updated)
npm http fetch GET 200 https://registry.npmjs.org/@types%2fnode 636ms (cache updated)
npm http fetch GET 200 https://registry.npmjs.org/which-module 172ms (cache updated)
npm http fetch GET 200 https://registry.npmjs.org/require-directory 147ms (cache updated)
npm http fetch GET 200 https://registry.npmjs.org/require-main-filename 145ms (cache updated)
npm http fetch GET 200 https://registry.npmjs.org/get-caller-file 172ms (cache updated)
npm http fetch GET 200 https://registry.npmjs.org/decamelize 735ms (cache updated)
npm http fetch GET 200 https://registry.npmjs.org/inherits 29ms (cache hit)
npm http fetch GET 200 https://registry.npmjs.org/readable-stream 33ms (cache hit)
npm http fetch GET 200 https://registry.npmjs.org/normalize-path 71ms (cache updated)
npm http fetch GET 200 https://registry.npmjs.org/lodash.defaults 76ms (cache updated)
npm http fetch GET 200 https://registry.npmjs.org/lazystream 81ms (cache updated)
npm http fetch GET 200 https://registry.npmjs.org/lodash.flatten 89ms (cache updated)
npm http fetch GET 200 https://registry.npmjs.org/util-deprecate 88ms (cache updated)
npm http fetch GET 200 https://registry.npmjs.org/lodash.union 95ms (cache updated)
npm http fetch GET 200 https://registry.npmjs.org/end-of-stream 61ms (cache updated)
npm http fetch GET 200 https://registry.npmjs.org/lodash.difference 104ms (cache updated)
npm http fetch GET 200 https://registry.npmjs.org/archiver-utils 29ms (cache hit)
npm http fetch GET 200 https://registry.npmjs.org/string_decoder 103ms (cache updated)
npm http fetch GET 200 https://registry.npmjs.org/lodash.isplainobject 109ms (cache updated)
npm http fetch GET 200 https://registry.npmjs.org/fs-constants 76ms (cache updated)
npm http fetch GET 200 https://registry.npmjs.org/compress-commons 70ms (cache updated)
npm http fetch GET 200 https://registry.npmjs.org/bl 673ms (cache updated)
npm http fetch GET 200 https://registry.npmjs.org/util-deprecate 17ms (cache hit)
npm http fetch GET 200 https://registry.npmjs.org/string_decoder 20ms (cache hit)
npm http fetch GET 200 https://registry.npmjs.org/safe-buffer 69ms (cache updated)
npm http fetch GET 200 https://registry.npmjs.org/core-util-is 74ms (cache updated)
npm http fetch GET 200 https://registry.npmjs.org/isarray 77ms (cache updated)
npm http fetch GET 200 https://registry.npmjs.org/process-nextick-args 105ms (cache updated)
npm http fetch GET 200 https://registry.npmjs.org/regenerator-runtime 65ms (cache updated)
npm http fetch GET 200 https://registry.npmjs.org/event-stream 1156ms (cache updated)
npm http fetch GET 200 https://registry.npmjs.org/rimraf 1157ms (cache updated)
npm http fetch GET 200 https://registry.npmjs.org/color-convert 304ms (cache updated)
npm http fetch GET 200 https://registry.npmjs.org/has-flag 305ms (cache updated)
npm http fetch GET 200 https://registry.npmjs.org/color-name 895ms (cache updated)
npm http fetch GET 200 https://registry.npmjs.org/is-fullwidth-code-point 102ms (cache updated)
npm http fetch GET 200 https://registry.npmjs.org/emoji-regex 104ms (cache updated)
npm http fetch GET 200 https://registry.npmjs.org/strip-ansi 137ms (cache updated)
npm http fetch GET 200 https://registry.npmjs.org/combined-stream 32ms (cache hit)
npm http fetch GET 200 https://registry.npmjs.org/isstream 34ms (cache hit)
npm http fetch GET 200 https://registry.npmjs.org/mime-types 34ms (cache hit)
npm http fetch GET 200 https://registry.npmjs.org/safe-buffer 10ms (cache hit)
npm http fetch GET 200 https://registry.npmjs.org/extend 83ms (cache updated)
npm http fetch GET 200 https://registry.npmjs.org/caseless 87ms (cache updated)
npm http fetch GET 200 https://registry.npmjs.org/forever-agent 88ms (cache updated)
npm http fetch GET 200 https://registry.npmjs.org/aws-sign2 97ms (cache updated)
npm http fetch GET 200 https://registry.npmjs.org/json-stringify-safe 92ms (cache updated)
npm http fetch GET 200 https://registry.npmjs.org/http-signature 98ms (cache updated)
npm http fetch GET 200 https://registry.npmjs.org/is-typedarray 100ms (cache updated)
npm http fetch GET 200 https://registry.npmjs.org/aws4 117ms (cache updated)
npm http fetch GET 200 https://registry.npmjs.org/performance-now 87ms (cache updated)
npm http fetch GET 200 https://registry.npmjs.org/ansi-colors 31ms (cache hit)
npm http fetch GET 200 https://registry.npmjs.org/qs 105ms (cache updated)
npm http fetch GET 200 https://registry.npmjs.org/ieee754 75ms (cache updated)
npm http fetch GET 200 https://registry.npmjs.org/tough-cookie 123ms (cache updated)
npm http fetch GET 200 https://registry.npmjs.org/lodash.once 99ms (cache updated)
npm http fetch GET 200 https://registry.npmjs.org/base64-js 102ms (cache updated)
npm http fetch GET 200 https://registry.npmjs.org/onetime 78ms (cache updated)
npm http fetch GET 200 https://registry.npmjs.org/is-stream 83ms (cache updated)
npm http fetch GET 200 https://registry.npmjs.org/tunnel-agent 123ms (cache updated)
npm http fetch GET 200 https://registry.npmjs.org/restore-cursor 117ms (cache updated)
npm http fetch GET 200 https://registry.npmjs.org/get-stream 81ms (cache updated)
npm http fetch GET 200 https://registry.npmjs.org/pify 19ms (cache hit)
npm http fetch GET 200 https://registry.npmjs.org/escape-string-regexp 20ms (cache hit)
npm http fetch GET 200 https://registry.npmjs.org/jsonfile 17ms (cache hit)
npm http fetch GET 200 https://registry.npmjs.org/merge-stream 78ms (cache updated)
npm http fetch GET 200 https://registry.npmjs.org/signal-exit 93ms (cache updated)
npm http fetch GET 200 https://registry.npmjs.org/universalify 27ms (cache hit)
npm http fetch GET 200 https://registry.npmjs.org/npm-run-path 83ms (cache updated)
npm http fetch GET 200 https://registry.npmjs.org/human-signals 78ms (cache updated)
npm http fetch GET 200 https://registry.npmjs.org/cross-spawn 129ms (cache updated)
npm http fetch GET 200 https://registry.npmjs.org/strip-final-newline 87ms (cache updated)
npm http fetch GET 200 https://registry.npmjs.org/get-stream 81ms (cache updated)
npm http fetch GET 200 https://registry.npmjs.org/at-least-node 67ms (cache updated)
npm http fetch GET 200 https://registry.npmjs.org/is-path-inside 68ms (cache updated)
npm http fetch GET 200 https://registry.npmjs.org/global-dirs 76ms (cache updated)
npm http fetch GET 200 https://registry.npmjs.org/through 77ms (cache updated)
npm http fetch GET 200 https://registry.npmjs.org/@colors%2fcolors 261ms (cache updated)
npm http fetch GET 200 https://registry.npmjs.org/rfdc 101ms (cache updated)
npm http fetch GET 200 https://registry.npmjs.org/colorette 88ms (cache updated)
npm http fetch GET 200 https://registry.npmjs.org/p-map 107ms (cache updated)
npm http fetch GET 200 https://registry.npmjs.org/log-update 71ms (cache updated)
npm http fetch GET 200 https://registry.npmjs.org/wrap-ansi 97ms (cache updated)
npm http fetch GET 200 https://registry.npmjs.org/@types%2fyauzl 176ms (cache updated)
npm http fetch GET 200 https://registry.npmjs.org/rxjs 125ms (cache updated)
npm http fetch GET 200 https://registry.npmjs.org/cli-truncate 79ms (cache updated)
npm http fetch GET 200 https://registry.npmjs.org/is-unicode-supported 88ms (cache updated)
npm http fetch GET 200 https://registry.npmjs.org/throttleit 77ms (cache updated)
npm http fetch GET 200 https://registry.npmjs.org/fd-slicer 75ms (cache updated)
npm http fetch GET 200 https://registry.npmjs.org/delayed-stream 61ms (cache updated)
npm http fetch GET 200 https://registry.npmjs.org/mime-db 75ms (cache updated)
npm http fetch GET 200 https://registry.npmjs.org/assert-plus 81ms (cache updated)
npm http fetch GET 200 https://registry.npmjs.org/sshpk 106ms (cache updated)
npm http fetch GET 200 https://registry.npmjs.org/side-channel 110ms (cache updated)
npm http fetch GET 200 https://registry.npmjs.org/jsprim 114ms (cache updated)
npm http fetch GET 200 https://registry.npmjs.org/tldts 128ms (cache updated)
npm http fetch GET 200 https://registry.npmjs.org/ms 10ms (cache hit)
npm http fetch GET 200 https://registry.npmjs.org/diff 34ms (cache hit)
npm http fetch GET 200 https://registry.npmjs.org/lodash.isfunction 64ms (cache updated)
npm http fetch GET 200 https://registry.npmjs.org/lodash.isobject 73ms (cache updated)
npm http fetch GET 200 https://registry.npmjs.org/dateformat 72ms (cache updated)
npm http fetch GET 200 https://registry.npmjs.org/escape-html 78ms (cache updated)
npm http fetch GET 200 https://registry.npmjs.org/lodash.isfunction 78ms (cache updated)
npm http fetch GET 200 https://registry.npmjs.org/lodash.isempty 88ms (cache updated)
npm http fetch GET 200 https://registry.npmjs.org/lodash.isstring 90ms (cache updated)
npm http fetch GET 200 https://registry.npmjs.org/prop-types 89ms (cache updated)
npm http fetch GET 200 https://registry.npmjs.org/opener 98ms (cache updated)
npm http fetch GET 200 https://registry.npmjs.org/tcomb-validation 60ms (cache updated)
npm http fetch GET 200 https://registry.npmjs.org/validator 70ms (cache updated)
npm http fetch GET 200 https://registry.npmjs.org/fsu 669ms (cache updated)
npm http fetch GET 200 https://registry.npmjs.org/tcomb 681ms (cache updated)
npm http fetch GET 200 https://registry.npmjs.org/is-stream 28ms (cache hit)
npm http fetch GET 200 https://registry.npmjs.org/is-stream 39ms (cache hit)
npm http fetch GET 200 https://registry.npmjs.org/tar-stream 39ms (cache hit)
npm http fetch GET 200 https://registry.npmjs.org/is-stream 41ms (cache hit)
npm http fetch GET 200 https://registry.npmjs.org/get-stream 40ms (cache hit)
npm http fetch GET 200 https://registry.npmjs.org/file-type 86ms (cache updated)
npm http fetch GET 200 https://registry.npmjs.org/file-type 99ms (cache updated)
npm http fetch GET 200 https://registry.npmjs.org/unbzip2-stream 104ms (cache updated)
npm http fetch GET 200 https://registry.npmjs.org/file-type 103ms (cache updated)
npm http fetch GET 200 https://registry.npmjs.org/file-type 118ms (cache updated)
npm http fetch GET 200 https://registry.npmjs.org/is-natural-number 92ms (cache updated)
npm http fetch GET 200 https://registry.npmjs.org/seek-bzip 144ms (cache updated)
npm http fetch GET 200 https://registry.npmjs.org/bl 17ms (cache hit)
npm http fetch GET 200 https://registry.npmjs.org/end-of-stream 19ms (cache hit)
npm http fetch GET 200 https://registry.npmjs.org/buffer-alloc 60ms (cache updated)
npm http fetch GET 200 https://registry.npmjs.org/xtend 72ms (cache updated)
npm http fetch GET 200 https://registry.npmjs.org/to-buffer 76ms (cache updated)
npm http fetch GET 200 https://registry.npmjs.org/pinkie-promise 53ms (cache updated)
npm http fetch GET 200 https://registry.npmjs.org/object-assign 81ms (cache updated)
npm http fetch GET 200 https://registry.npmjs.org/ansi-regex 49ms (cache updated)
npm http fetch GET 200 https://registry.npmjs.org/path-key 57ms (cache updated)
npm http fetch GET 200 https://registry.npmjs.org/path-key 60ms (cache updated)
npm http fetch GET 200 https://registry.npmjs.org/shebang-command 61ms (cache updated)
npm http fetch GET 200 https://registry.npmjs.org/which 80ms (cache updated)
npm http fetch GET 200 https://registry.npmjs.org/mimic-fn 80ms (cache updated)
npm http fetch GET 200 https://registry.npmjs.org/pump 84ms (cache updated)
npm http fetch GET 200 https://registry.npmjs.org/shebang-regex 69ms (cache updated)
npm http fetch GET 200 https://registry.npmjs.org/isexe 102ms (cache updated)
npm http fetch GET 200 https://registry.npmjs.org/@types%2fnode 23ms (cache hit)
npm http fetch GET 200 https://registry.npmjs.org/undici-types 48ms (cache updated)
npm http fetch GET 200 https://registry.npmjs.org/hasown 56ms (cache updated)
npm http fetch GET 200 https://registry.npmjs.org/get-intrinsic 58ms (cache updated)
npm http fetch GET 200 https://registry.npmjs.org/es-errors 63ms (cache updated)
npm http fetch GET 200 https://registry.npmjs.org/has-tostringtag 66ms (cache updated)
npm http fetch GET 200 https://registry.npmjs.org/es-object-atoms 85ms (cache updated)
npm http fetch GET 200 https://registry.npmjs.org/get-proto 85ms (cache updated)
npm http fetch GET 200 https://registry.npmjs.org/has-symbols 85ms (cache updated)
npm http fetch GET 200 https://registry.npmjs.org/has-symbols 85ms (cache updated)
npm http fetch GET 200 https://registry.npmjs.org/gopd 87ms (cache updated)
npm http fetch GET 200 https://registry.npmjs.org/function-bind 86ms (cache updated)
npm http fetch GET 200 https://registry.npmjs.org/function-bind 91ms (cache updated)
npm http fetch GET 200 https://registry.npmjs.org/es-define-property 92ms (cache updated)
npm http fetch GET 200 https://registry.npmjs.org/math-intrinsics 90ms (cache updated)
npm http fetch GET 200 https://registry.npmjs.org/call-bind-apply-helpers 123ms (cache updated)
npm http fetch GET 200 https://registry.npmjs.org/dunder-proto 76ms (cache updated)
npm http fetch GET 200 https://registry.npmjs.org/pinkie 61ms (cache updated)
npm http fetch GET 200 https://registry.npmjs.org/brace-expansion 58ms (cache updated)
npm http fetch GET 200 https://registry.npmjs.org/wrappy 110ms (cache updated)
npm http fetch GET 200 https://registry.npmjs.org/wrappy 110ms (cache updated)
npm http fetch GET 200 https://registry.npmjs.org/asn1 78ms (cache updated)
npm http fetch GET 200 https://registry.npmjs.org/jsbn 89ms (cache updated)
npm http fetch GET 200 https://registry.npmjs.org/json-schema 92ms (cache updated)
npm http fetch GET 200 https://registry.npmjs.org/verror 94ms (cache updated)
npm http fetch GET 200 https://registry.npmjs.org/bcrypt-pbkdf 91ms (cache updated)
npm http fetch GET 200 https://registry.npmjs.org/dashdash 98ms (cache updated)
npm http fetch GET 200 https://registry.npmjs.org/safer-buffer 96ms (cache updated)
npm http fetch GET 200 https://registry.npmjs.org/tweetnacl 100ms (cache updated)
npm http fetch GET 200 https://registry.npmjs.org/extsprintf 107ms (cache updated)
npm http fetch GET 200 https://registry.npmjs.org/getpass 105ms (cache updated)
npm http fetch GET 200 https://registry.npmjs.org/ecc-jsbn 678ms (cache updated)
npm http fetch GET 200 https://registry.npmjs.org/wordwrap 71ms (cache updated)
npm http fetch GET 200 https://registry.npmjs.org/ini 10ms (cache hit)
npm http fetch GET 200 https://registry.npmjs.org/core-util-is 7ms (cache hit)
npm http fetch GET 200 https://registry.npmjs.org/slice-ansi 20ms (cache hit)
npm http fetch GET 200 https://registry.npmjs.org/wrap-ansi 21ms (cache hit)
npm http fetch GET 200 https://registry.npmjs.org/slice-ansi 21ms (cache hit)
npm http fetch GET 200 https://registry.npmjs.org/ansi-escapes 55ms (cache updated)
npm http fetch GET 200 https://registry.npmjs.org/tslib 69ms (cache updated)
npm http fetch GET 200 https://registry.npmjs.org/aggregate-error 640ms (cache updated)
npm http fetch GET 200 https://registry.npmjs.org/astral-regex 83ms (cache updated)
npm http fetch GET 200 https://registry.npmjs.org/type-fest 103ms (cache updated)
npm http fetch GET 200 https://registry.npmjs.org/balanced-match 53ms (cache updated)
npm http fetch GET 200 https://registry.npmjs.org/concat-map 64ms (cache updated)
npm http fetch GET 200 https://registry.npmjs.org/brace-expansion 25ms (cache hit)
npm http fetch GET 200 https://registry.npmjs.org/readdirp 66ms (cache updated)
npm http fetch GET 200 https://registry.npmjs.org/braces 75ms (cache updated)
npm http fetch GET 200 https://registry.npmjs.org/locate-path 78ms (cache updated)
npm http fetch GET 200 https://registry.npmjs.org/glob-parent 83ms (cache updated)
npm http fetch GET 200 https://registry.npmjs.org/is-binary-path 85ms (cache updated)
npm http fetch GET 200 https://registry.npmjs.org/anymatch 89ms (cache updated)
npm http fetch GET 200 https://registry.npmjs.org/argparse 96ms (cache updated)
npm http fetch GET 200 https://registry.npmjs.org/y18n 36ms (cache hit)
npm http fetch GET 200 https://registry.npmjs.org/cliui 44ms (cache hit)
npm http fetch GET 200 https://registry.npmjs.org/path-exists 124ms (cache updated)
npm http fetch GET 200 https://registry.npmjs.org/fsevents 129ms (cache updated)
npm http fetch GET 200 https://registry.npmjs.org/get-caller-file 49ms (cache hit)
npm http fetch GET 200 https://registry.npmjs.org/decamelize 48ms (cache hit)
npm http fetch GET 200 https://registry.npmjs.org/is-glob 140ms (cache updated)
npm http fetch GET 200 https://registry.npmjs.org/randombytes 108ms (cache updated)
npm http fetch GET 200 https://registry.npmjs.org/camelcase 90ms (cache updated)
npm http fetch GET 200 https://registry.npmjs.org/escalade 101ms (cache updated)
npm http fetch GET 200 https://registry.npmjs.org/flat 84ms (cache updated)
npm http fetch GET 200 https://registry.npmjs.org/is-plain-obj 706ms (cache updated)
npm http fetch GET 200 https://registry.npmjs.org/is-glob 20ms (cache hit)
npm http fetch GET 200 https://registry.npmjs.org/fill-range 72ms (cache updated)
npm http fetch GET 200 https://registry.npmjs.org/picomatch 73ms (cache updated)
npm http fetch GET 200 https://registry.npmjs.org/binary-extensions 73ms (cache updated)
npm http fetch GET 200 https://registry.npmjs.org/picomatch 73ms (cache updated)
npm http fetch GET 200 https://registry.npmjs.org/is-extglob 80ms (cache updated)
npm http fetch GET 200 https://registry.npmjs.org/to-regex-range 58ms (cache updated)
npm http fetch GET 200 https://registry.npmjs.org/is-number 70ms (cache updated)
npm http fetch GET 200 https://registry.npmjs.org/p-locate 76ms (cache updated)
npm http fetch GET 200 https://registry.npmjs.org/p-limit 99ms (cache updated)
npm http fetch GET 200 https://registry.npmjs.org/loose-envify 56ms (cache updated)
npm http fetch GET 200 https://registry.npmjs.org/react-is 147ms (cache updated)
npm http fetch GET 200 https://registry.npmjs.org/easy-stack 661ms (cache updated)
npm http fetch GET 200 https://registry.npmjs.org/yocto-queue 88ms (cache updated)
npm http fetch GET 200 https://registry.npmjs.org/indent-string 62ms (cache updated)
npm http fetch GET 200 https://registry.npmjs.org/clean-stack 65ms (cache updated)
npm http fetch GET 200 https://registry.npmjs.org/js-tokens 65ms (cache updated)
npm http fetch GET 200 https://registry.npmjs.org/from 71ms (cache updated)
npm http fetch GET 200 https://registry.npmjs.org/map-stream 72ms (cache updated)
npm http fetch GET 200 https://registry.npmjs.org/pause-stream 74ms (cache updated)
npm http fetch GET 200 https://registry.npmjs.org/duplexer 77ms (cache updated)
npm http fetch GET 200 https://registry.npmjs.org/stream-combiner 87ms (cache updated)
npm http fetch GET 200 https://registry.npmjs.org/split 118ms (cache updated)
npm http fetch GET 200 https://registry.npmjs.org/side-channel-map 63ms (cache updated)
npm http fetch GET 200 https://registry.npmjs.org/object-inspect 69ms (cache updated)
npm http fetch GET 200 https://registry.npmjs.org/side-channel-weakmap 83ms (cache updated)
npm http fetch GET 200 https://registry.npmjs.org/side-channel-list 96ms (cache updated)
npm http fetch GET 200 https://registry.npmjs.org/call-bound 81ms (cache updated)
npm http fetch GET 200 https://registry.npmjs.org/call-bound 82ms (cache updated)
npm http fetch GET 200 https://registry.npmjs.org/safer-buffer 11ms (cache hit)
npm http fetch GET 200 https://registry.npmjs.org/tweetnacl 12ms (cache hit)
npm http fetch GET 200 https://registry.npmjs.org/safer-buffer 16ms (cache hit)
npm http fetch GET 200 https://registry.npmjs.org/strip-ansi 27ms (cache hit)
npm http fetch GET 200 https://registry.npmjs.org/ansi-styles 30ms (cache hit)
npm http fetch GET 200 https://registry.npmjs.org/is-fullwidth-code-point 30ms (cache hit)
npm http fetch GET 200 https://registry.npmjs.org/emoji-regex 29ms (cache hit)
npm http fetch GET 200 https://registry.npmjs.org/astral-regex 32ms (cache hit)
npm http fetch GET 200 https://registry.npmjs.org/is-fullwidth-code-point 31ms (cache hit)
npm http fetch GET 200 https://registry.npmjs.org/json-schema-traverse 74ms (cache updated)
npm http fetch GET 200 https://registry.npmjs.org/uri-js 75ms (cache updated)
npm http fetch GET 200 https://registry.npmjs.org/fast-json-stable-stringify 74ms (cache updated)
npm http fetch GET 200 https://registry.npmjs.org/fast-deep-equal 100ms (cache updated)
npm http fetch GET 200 https://registry.npmjs.org/punycode 94ms (cache updated)
npm http fetch GET 200 https://registry.npmjs.org/tldts-core 156ms (cache updated)
npm http fetch GET 200 https://registry.npmjs.org/xdg-basedir 33ms (cache hit)
npm http fetch GET 200 https://registry.npmjs.org/camelcase 42ms (cache hit)
npm http fetch GET 200 https://registry.npmjs.org/type-fest 38ms (cache hit)
npm http fetch GET 200 https://registry.npmjs.org/ansi-align 84ms (cache updated)
npm http fetch GET 200 https://registry.npmjs.org/unique-string 82ms (cache updated)
npm http fetch GET 200 https://registry.npmjs.org/write-file-atomic 80ms (cache updated)
npm http fetch GET 200 https://registry.npmjs.org/escape-goat 81ms (cache updated)
npm http fetch GET 200 https://registry.npmjs.org/cli-boxes 110ms (cache updated)
npm http fetch GET 200 https://registry.npmjs.org/package-json 140ms (cache updated)
npm http fetch GET 200 https://registry.npmjs.org/widest-line 728ms (cache updated)
npm http fetch GET 200 https://registry.npmjs.org/dot-prop 728ms (cache updated)
npm http fetch GET 200 https://registry.npmjs.org/eastasianwidth 115ms (cache updated)
npm http fetch GET 200 https://registry.npmjs.org/imurmurhash 58ms (cache updated)
npm http fetch GET 200 https://registry.npmjs.org/crypto-random-string 60ms (cache updated)
npm http fetch GET 200 https://registry.npmjs.org/typedarray-to-buffer 59ms (cache updated)
npm http fetch GET 200 https://registry.npmjs.org/is-obj 71ms (cache updated)
npm http fetch GET 200 https://registry.npmjs.org/registry-auth-token 60ms (cache updated)
npm http fetch GET 200 https://registry.npmjs.org/registry-url 108ms (cache updated)
npm http fetch GET 200 https://registry.npmjs.org/got 220ms (cache updated)
npm http fetch GET 200 https://registry.npmjs.org/p-cancelable 81ms (cache updated)
npm http fetch GET 200 https://registry.npmjs.org/cacheable-request 79ms (cache updated)
npm http fetch GET 200 https://registry.npmjs.org/responselike 89ms (cache updated)
npm http fetch GET 200 https://registry.npmjs.org/lowercase-keys 92ms (cache updated)
npm http fetch GET 200 https://registry.npmjs.org/decompress-response 90ms (cache updated)
npm http fetch GET 200 https://registry.npmjs.org/form-data-encoder 93ms (cache updated)
npm http fetch GET 200 https://registry.npmjs.org/cacheable-lookup 98ms (cache updated)
npm http fetch GET 200 https://registry.npmjs.org/http2-wrapper 105ms (cache updated)
npm http fetch GET 200 https://registry.npmjs.org/rc 90ms (cache updated)
npm http fetch GET 200 https://registry.npmjs.org/@pnpm%2fnpm-conf 250ms (cache updated)
npm http fetch GET 200 https://registry.npmjs.org/@sindresorhus%2fis 294ms (cache updated)
npm http fetch GET 200 https://registry.npmjs.org/@szmarczak%2fhttp-timer 838ms (cache updated)
npm http fetch GET 200 https://registry.npmjs.org/mimic-response 66ms (cache updated)
npm http fetch GET 200 https://registry.npmjs.org/http-cache-semantics 71ms (cache updated)
npm http fetch GET 200 https://registry.npmjs.org/quick-lru 70ms (cache updated)
npm http fetch GET 200 https://registry.npmjs.org/mimic-response 73ms (cache updated)
npm http fetch GET 200 https://registry.npmjs.org/keyv 78ms (cache updated)
npm http fetch GET 200 https://registry.npmjs.org/normalize-url 86ms (cache updated)
npm http fetch GET 200 https://registry.npmjs.org/defer-to-connect 701ms (cache updated)
npm http fetch GET 200 https://registry.npmjs.org/resolve-alpn 703ms (cache updated)
npm http fetch GET 200 https://registry.npmjs.org/@types%2fhttp-cache-semantics 1410ms (cache updated)
npm http fetch GET 200 https://registry.npmjs.org/json-buffer 86ms (cache updated)
npm http fetch GET 200 https://registry.npmjs.org/config-chain 58ms (cache updated)
npm http fetch GET 200 https://registry.npmjs.org/@pnpm%2fconfig.env-replace 228ms (cache updated)
npm http fetch GET 200 https://registry.npmjs.org/@pnpm%2fnetwork.ca-file 237ms (cache updated)
npm http fetch GET 200 https://registry.npmjs.org/proto-list 55ms (cache updated)
npm http fetch GET 200 https://registry.npmjs.org/strip-json-comments 12ms (cache hit)
npm http fetch GET 200 https://registry.npmjs.org/deep-extend 65ms (cache updated)
npm http fetch GET 200 https://registry.npmjs.org/human-signals 10ms (cache hit)
npm http fetch GET 200 https://registry.npmjs.org/locate-path 10ms (cache hit)
npm http fetch GET 200 https://registry.npmjs.org/ansi-regex 8ms (cache hit)
npm http fetch GET 200 https://registry.npmjs.org/pend 99ms (cache updated)
npm http fetch GET 200 https://registry.npmjs.org/crc32-stream 660ms (cache updated)
npm http fetch GET 200 https://registry.npmjs.org/crc-32 56ms (cache updated)
npm http fetch GET 200 https://registry.npmjs.org/color-convert 9ms (cache hit)
npm http fetch GET 200 https://registry.npmjs.org/color-name 9ms (cache hit)
npm http fetch GET 200 https://registry.npmjs.org/buffer-fill 63ms (cache updated)
npm http fetch GET 200 https://registry.npmjs.org/buffer-alloc-unsafe 83ms (cache updated)
npm http fetch GET 200 https://registry.npmjs.org/p-locate 8ms (cache hit)
npm http fetch GET 200 https://registry.npmjs.org/p-limit 8ms (cache hit)
npm http fetch GET 200 https://registry.npmjs.org/p-try 72ms (cache updated)
npm http fetch GET 200 https://registry.npmjs.org/path-exists 9ms (cache hit)
npm verbose reify failed optional dependency C:\Users\milen\Pos\pgats\automacao-web-pgats\tmpBstackPackages\node_modules\fsevents
npm http fetch POST 200 https://registry.npmjs.org/-/npm/v1/security/advisories/bulk 946ms
npm warn deprecated inflight@1.0.6: This module is not supported, and leaks memory. Do not use it. Check out lru-cache if you want a good and tested way to coalesce async requests by a key value, which is much more comprehensive and powerful.
npm warn deprecated rimraf@2.5.4: Rimraf versions prior to v4 are no longer supported
npm warn deprecated glob@7.2.3: Glob versions prior to v9 are no longer supported
npm warn deprecated glob@8.1.0: Glob versions prior to v9 are no longer supported
npm http fetch GET 200 https://registry.npmjs.org/@types/node/-/node-22.15.2.tgz 5311ms (cache miss)
npm http fetch GET 200 https://registry.npmjs.org/axios/-/axios-1.9.0.tgz 5419ms (cache miss)
npm info run cypress@13.17.0 postinstall node_modules/cypress node index.js --exec install
npm info run cypress@13.17.0 postinstall { code: 0, signal: null }

added 511 packages, and audited 512 packages in 37s

98 packages are looking for funding
  run `npm fund` for details

found 0 vulnerabilities
npm verbose cwd C:\Users\milen\Pos\pgats\automacao-web-pgats\tmpBstackPackages
npm verbose os Windows_NT 10.0.22631
npm verbose node v20.12.1
npm verbose npm  v10.9.0
npm verbose exit 0
npm info ok
